<?xml version="1.0" encoding="UTF-8"?>
<!-- Generated by org.testng.reporters.JUnitXMLReporter -->
<testsuite ignored="0" hostname="DESKTOP-86JG7VC" failures="0" tests="3" name="Default test" time="0.07" errors="0" timestamp="2023-07-15T08:13:49 IST">
  <testcase classname="testNg.Testngclass" name="DeleteUser" time="0.01"/>
  <testcase classname="testNg.Testngclass" name="CreateUser" time="0.001"/>
  <testcase classname="testNg.Testngclass" name="ModifyUser" time="0.002"/>
</testsuite> <!-- Default test -->
