<?xml version="1.0" encoding="UTF-8"?>
<testng-results ignored="0" total="3" passed="3" failed="0" skipped="0">
  <reporter-output>
  </reporter-output>
  <suite started-at="2023-07-15T08:13:49 IST" name="Default suite" finished-at="2023-07-15T08:13:49 IST" duration-ms="70">
    <groups>
    </groups>
    <test started-at="2023-07-15T08:13:49 IST" name="Default test" finished-at="2023-07-15T08:13:49 IST" duration-ms="70">
      <class name="testNg.Testngclass">
        <test-method signature="DeleteUser()[pri:0, instance:testNg.Testngclass@4686afc2]" started-at="2023-07-15T08:13:49 IST" name="DeleteUser" finished-at="2023-07-15T08:13:49 IST" duration-ms="10" status="PASS">
          <reporter-output>
          </reporter-output>
        </test-method> <!-- DeleteUser -->
        <test-method signature="CreateUser()[pri:1, instance:testNg.Testngclass@4686afc2]" started-at="2023-07-15T08:13:49 IST" name="CreateUser" finished-at="2023-07-15T08:13:49 IST" duration-ms="1" status="PASS">
          <reporter-output>
          </reporter-output>
        </test-method> <!-- CreateUser -->
        <test-method signature="ModifyUser()[pri:1, instance:testNg.Testngclass@4686afc2]" started-at="2023-07-15T08:13:49 IST" name="ModifyUser" finished-at="2023-07-15T08:13:49 IST" duration-ms="2" status="PASS">
          <reporter-output>
          </reporter-output>
        </test-method> <!-- ModifyUser -->
      </class> <!-- testNg.Testngclass -->
    </test> <!-- Default test -->
  </suite> <!-- Default suite -->
</testng-results>
